# JRE version: OpenJDK Runtime Environment Temurin-17.0.12+7 (17.0.12+7) (build 17.0.12+7)
# Java VM: OpenJDK 64-Bit Server VM Temurin-17.0.12+7 (17.0.12+7, mixed mode, tiered, compressed oops, compressed class ptrs, parallel gc, windows-amd64)
GC Precious Log:
 CPUs: 8 total, 8 available
 Memory: 32623M
 Large Page Support: Disabled
 NUMA Support: Disabled
 Compressed Oops: Enabled (32-bit)
 Alignments: Space 512K, Generation 512K, Heap 2M
 Heap Min Capacity: 100M
 Heap Initial Capacity: 100M
 Heap Max Capacity: 1G
 Pre-touch: Disabled
 Parallel Workers: 8
Heap:
 PSYoungGen      total 13312K, used 10579K [0x00000000eab00000, 0x00000000ec280000, 0x0000000100000000)
  eden space 8704K, 68% used [0x00000000eab00000,0x00000000eb0dc230,0x00000000eb380000)
  from space 4608K, 99% used [0x00000000eba00000,0x00000000ebe78c88,0x00000000ebe80000)
  to   space 6656K, 0% used [0x00000000eb380000,0x00000000eb380000,0x00000000eba00000)
 ParOldGen       total 699392K, used 350566K [0x00000000c0000000, 0x00000000eab00000, 0x00000000eab00000)
  object space 699392K, 50% used [0x00000000c0000000,0x00000000d56598d8,0x00000000eab00000)
 Metaspace       used 70655K, committed 71808K, reserved 1114112K
  class space    used 7601K, committed 8128K, reserved 1048576K
GC Heap History (20 events):
Event: 89343.968 GC heap before
{Heap before GC invocations=1753 (full 1556):
 PSYoungGen      total 14336K, used 11263K [0x00000000eab00000, 0x00000000ebd80000, 0x0000000100000000)
  eden space 11264K, 99% used [0x00000000eab00000,0x00000000eb5ffff8,0x00000000eb600000)
  from space 3072K, 0% used [0x00000000eba80000,0x00000000eba80000,0x00000000ebd80000)
  to   space 4608K, 0% used [0x00000000eb600000,0x00000000eb600000,0x00000000eba80000)
 ParOldGen       total 327168K, used 326845K [0x00000000c0000000, 0x00000000d3f80000, 0x00000000eab00000)
  object space 327168K, 99% used [0x00000000c0000000,0x00000000d3f2f690,0x00000000d3f80000)
 Metaspace       used 70296K, committed 71424K, reserved 1114112K
  class space    used 7576K, committed 8064K, reserved 1048576K
}
Event: 89344.109 GC heap after
{Heap after GC invocations=1753 (full 1556):
 PSYoungGen      total 15872K, used 11253K [0x00000000eab00000, 0x00000000ebd80000, 0x0000000100000000)
  eden space 11264K, 99% used [0x00000000eab00000,0x00000000eb5fd458,0x00000000eb600000)
  from space 4608K, 0% used [0x00000000eb600000,0x00000000eb600000,0x00000000eba80000)
  to   space 3072K, 0% used [0x00000000eba80000,0x00000000eba80000,0x00000000ebd80000)
 ParOldGen       total 327168K, used 326845K [0x00000000c0000000, 0x00000000d3f80000, 0x00000000eab00000)
  object space 327168K, 99% used [0x00000000c0000000,0x00000000d3f2f690,0x00000000d3f80000)
 Metaspace       used 70296K, committed 71424K, reserved 1114112K
  class space    used 7576K, committed 8064K, reserved 1048576K
}
Event: 89344.109 GC heap before
{Heap before GC invocations=1754 (full 1557):
 PSYoungGen      total 15872K, used 11263K [0x00000000eab00000, 0x00000000ebd80000, 0x0000000100000000)
  eden space 11264K, 99% used [0x00000000eab00000,0x00000000eb5ffff8,0x00000000eb600000)
  from space 4608K, 0% used [0x00000000eb600000,0x00000000eb600000,0x00000000eba80000)
  to   space 3072K, 0% used [0x00000000eba80000,0x00000000eba80000,0x00000000ebd80000)
 ParOldGen       total 327168K, used 326845K [0x00000000c0000000, 0x00000000d3f80000, 0x00000000eab00000)
  object space 327168K, 99% used [0x00000000c0000000,0x00000000d3f2f690,0x00000000d3f80000)
 Metaspace       used 70296K, committed 71424K, reserved 1114112K
  class space    used 7576K, committed 8064K, reserved 1048576K
}
Event: 89344.251 GC heap after
{Heap after GC invocations=1754 (full 1557):
 PSYoungGen      total 14336K, used 11257K [0x00000000eab00000, 0x00000000ebd80000, 0x0000000100000000)
  eden space 11264K, 99% used [0x00000000eab00000,0x00000000eb5fe488,0x00000000eb600000)
  from space 3072K, 0% used [0x00000000eba80000,0x00000000eba80000,0x00000000ebd80000)
  to   space 4608K, 0% used [0x00000000eb600000,0x00000000eb600000,0x00000000eba80000)
 ParOldGen       total 327168K, used 326845K [0x00000000c0000000, 0x00000000d3f80000, 0x00000000eab00000)
  object space 327168K, 99% used [0x00000000c0000000,0x00000000d3f2f690,0x00000000d3f80000)
 Metaspace       used 70296K, committed 71424K, reserved 1114112K
  class space    used 7576K, committed 8064K, reserved 1048576K
}
Event: 89344.251 GC heap before
{Heap before GC invocations=1755 (full 1558):
 PSYoungGen      total 14336K, used 11263K [0x00000000eab00000, 0x00000000ebd80000, 0x0000000100000000)
  eden space 11264K, 99% used [0x00000000eab00000,0x00000000eb5ffff8,0x00000000eb600000)
  from space 3072K, 0% used [0x00000000eba80000,0x00000000eba80000,0x00000000ebd80000)
  to   space 4608K, 0% used [0x00000000eb600000,0x00000000eb600000,0x00000000eba80000)
 ParOldGen       total 327168K, used 326845K [0x00000000c0000000, 0x00000000d3f80000, 0x00000000eab00000)
  object space 327168K, 99% used [0x00000000c0000000,0x00000000d3f2f690,0x00000000d3f80000)
 Metaspace       used 70296K, committed 71424K, reserved 1114112K
  class space    used 7576K, committed 8064K, reserved 1048576K
}
Event: 89344.388 GC heap after
{Heap after GC invocations=1755 (full 1558):
 PSYoungGen      total 15872K, used 11257K [0x00000000eab00000, 0x00000000ebd80000, 0x0000000100000000)
  eden space 11264K, 99% used [0x00000000eab00000,0x00000000eb5fe740,0x00000000eb600000)
  from space 4608K, 0% used [0x00000000eb600000,0x00000000eb600000,0x00000000eba80000)
  to   space 3072K, 0% used [0x00000000eba80000,0x00000000eba80000,0x00000000ebd80000)
 ParOldGen       total 327168K, used 326845K [0x00000000c0000000, 0x00000000d3f80000, 0x00000000eab00000)
  object space 327168K, 99% used [0x00000000c0000000,0x00000000d3f2f690,0x00000000d3f80000)
 Metaspace       used 70296K, committed 71424K, reserved 1114112K
  class space    used 7576K, committed 8064K, reserved 1048576K
}
Event: 89344.414 GC heap before
{Heap before GC invocations=1756 (full 1559):
 PSYoungGen      total 15872K, used 11263K [0x00000000eab00000, 0x00000000ebd80000, 0x0000000100000000)
  eden space 11264K, 99% used [0x00000000eab00000,0x00000000eb5ffff8,0x00000000eb600000)
  from space 4608K, 0% used [0x00000000eb600000,0x00000000eb600000,0x00000000eba80000)
  to   space 3072K, 0% used [0x00000000eba80000,0x00000000eba80000,0x00000000ebd80000)
 ParOldGen       total 327168K, used 326845K [0x00000000c0000000, 0x00000000d3f80000, 0x00000000eab00000)
  object space 327168K, 99% used [0x00000000c0000000,0x00000000d3f2f690,0x00000000d3f80000)
 Metaspace       used 70296K, committed 71424K, reserved 1114112K
  class space    used 7576K, committed 8064K, reserved 1048576K
}
Event: 89344.542 GC heap after
{Heap after GC invocations=1756 (full 1559):
 PSYoungGen      total 14336K, used 11257K [0x00000000eab00000, 0x00000000ebd80000, 0x0000000100000000)
  eden space 11264K, 99% used [0x00000000eab00000,0x00000000eb5fe7d0,0x00000000eb600000)
  from space 3072K, 0% used [0x00000000eba80000,0x00000000eba80000,0x00000000ebd80000)
  to   space 4608K, 0% used [0x00000000eb600000,0x00000000eb600000,0x00000000eba80000)
 ParOldGen       total 699392K, used 326845K [0x00000000c0000000, 0x00000000eab00000, 0x00000000eab00000)
  object space 699392K, 46% used [0x00000000c0000000,0x00000000d3f2f690,0x00000000eab00000)
 Metaspace       used 70296K, committed 71424K, reserved 1114112K
  class space    used 7576K, committed 8064K, reserved 1048576K
}
Event: 89344.542 GC heap before
{Heap before GC invocations=1757 (full 1559):
 PSYoungGen      total 14336K, used 11263K [0x00000000eab00000, 0x00000000ebd80000, 0x0000000100000000)
  eden space 11264K, 99% used [0x00000000eab00000,0x00000000eb5fffd0,0x00000000eb600000)
  from space 3072K, 0% used [0x00000000eba80000,0x00000000eba80000,0x00000000ebd80000)
  to   space 4608K, 0% used [0x00000000eb600000,0x00000000eb600000,0x00000000eba80000)
 ParOldGen       total 699392K, used 326845K [0x00000000c0000000, 0x00000000eab00000, 0x00000000eab00000)
  object space 699392K, 46% used [0x00000000c0000000,0x00000000d3f2f690,0x00000000eab00000)
 Metaspace       used 70296K, committed 71424K, reserved 1114112K
  class space    used 7576K, committed 8064K, reserved 1048576K
}
Event: 89344.573 GC heap after
{Heap after GC invocations=1757 (full 1559):
 PSYoungGen      total 15872K, used 4580K [0x00000000eab00000, 0x00000000ebd80000, 0x0000000100000000)
  eden space 11264K, 0% used [0x00000000eab00000,0x00000000eab00000,0x00000000eb600000)
  from space 4608K, 99% used [0x00000000eb600000,0x00000000eba792c8,0x00000000eba80000)
  to   space 3072K, 0% used [0x00000000eba80000,0x00000000eba80000,0x00000000ebd80000)
 ParOldGen       total 699392K, used 333643K [0x00000000c0000000, 0x00000000eab00000, 0x00000000eab00000)
  object space 699392K, 47% used [0x00000000c0000000,0x00000000d45d2f18,0x00000000eab00000)
 Metaspace       used 70296K, committed 71424K, reserved 1114112K
  class space    used 7576K, committed 8064K, reserved 1048576K
}
Event: 89344.599 GC heap before
{Heap before GC invocations=1758 (full 1559):
 PSYoungGen      total 15872K, used 15844K [0x00000000eab00000, 0x00000000ebd80000, 0x0000000100000000)
  eden space 11264K, 100% used [0x00000000eab00000,0x00000000eb600000,0x00000000eb600000)
  from space 4608K, 99% used [0x00000000eb600000,0x00000000eba792c8,0x00000000eba80000)
  to   space 3072K, 0% used [0x00000000eba80000,0x00000000eba80000,0x00000000ebd80000)
 ParOldGen       total 699392K, used 333643K [0x00000000c0000000, 0x00000000eab00000, 0x00000000eab00000)
  object space 699392K, 47% used [0x00000000c0000000,0x00000000d45d2f18,0x00000000eab00000)
 Metaspace       used 70299K, committed 71424K, reserved 1114112K
  class space    used 7576K, committed 8064K, reserved 1048576K
}
Event: 89344.604 GC heap after
{Heap after GC invocations=1758 (full 1559):
 PSYoungGen      total 13312K, used 2103K [0x00000000eab00000, 0x00000000ec180000, 0x0000000100000000)
  eden space 10240K, 0% used [0x00000000eab00000,0x00000000eab00000,0x00000000eb500000)
  from space 3072K, 68% used [0x00000000eba80000,0x00000000ebc8de90,0x00000000ebd80000)
  to   space 5632K, 0% used [0x00000000eb500000,0x00000000eb500000,0x00000000eba80000)
 ParOldGen       total 699392K, used 337983K [0x00000000c0000000, 0x00000000eab00000, 0x00000000eab00000)
  object space 699392K, 48% used [0x00000000c0000000,0x00000000d4a0fcb0,0x00000000eab00000)
 Metaspace       used 70299K, committed 71424K, reserved 1114112K
  class space    used 7576K, committed 8064K, reserved 1048576K
}
Event: 89344.626 GC heap before
{Heap before GC invocations=1759 (full 1559):
 PSYoungGen      total 13312K, used 12343K [0x00000000eab00000, 0x00000000ec180000, 0x0000000100000000)
  eden space 10240K, 100% used [0x00000000eab00000,0x00000000eb500000,0x00000000eb500000)
  from space 3072K, 68% used [0x00000000eba80000,0x00000000ebc8de90,0x00000000ebd80000)
  to   space 5632K, 0% used [0x00000000eb500000,0x00000000eb500000,0x00000000eba80000)
 ParOldGen       total 699392K, used 337983K [0x00000000c0000000, 0x00000000eab00000, 0x00000000eab00000)
  object space 699392K, 48% used [0x00000000c0000000,0x00000000d4a0fcb0,0x00000000eab00000)
 Metaspace       used 70299K, committed 71424K, reserved 1114112K
  class space    used 7576K, committed 8064K, reserved 1048576K
}
Event: 89344.630 GC heap after
{Heap after GC invocations=1759 (full 1559):
 PSYoungGen      total 14336K, used 3795K [0x00000000eab00000, 0x00000000ebe80000, 0x0000000100000000)
  eden space 10240K, 0% used [0x00000000eab00000,0x00000000eab00000,0x00000000eb500000)
  from space 4096K, 92% used [0x00000000eb500000,0x00000000eb8b4e60,0x00000000eb900000)
  to   space 4608K, 0% used [0x00000000eba00000,0x00000000eba00000,0x00000000ebe80000)
 ParOldGen       total 699392K, used 337983K [0x00000000c0000000, 0x00000000eab00000, 0x00000000eab00000)
  object space 699392K, 48% used [0x00000000c0000000,0x00000000d4a0fcb0,0x00000000eab00000)
 Metaspace       used 70299K, committed 71424K, reserved 1114112K
  class space    used 7576K, committed 8064K, reserved 1048576K
}
Event: 89344.652 GC heap before
{Heap before GC invocations=1760 (full 1559):
 PSYoungGen      total 14336K, used 13833K [0x00000000eab00000, 0x00000000ebe80000, 0x0000000100000000)
  eden space 10240K, 98% used [0x00000000eab00000,0x00000000eb4cd718,0x00000000eb500000)
  from space 4096K, 92% used [0x00000000eb500000,0x00000000eb8b4e60,0x00000000eb900000)
  to   space 4608K, 0% used [0x00000000eba00000,0x00000000eba00000,0x00000000ebe80000)
 ParOldGen       total 699392K, used 337983K [0x00000000c0000000, 0x00000000eab00000, 0x00000000eab00000)
  object space 699392K, 48% used [0x00000000c0000000,0x00000000d4a0fcb0,0x00000000eab00000)
 Metaspace       used 70300K, committed 71424K, reserved 1114112K
  class space    used 7576K, committed 8064K, reserved 1048576K
}
Event: 89344.657 GC heap after
{Heap after GC invocations=1760 (full 1559):
 PSYoungGen      total 13312K, used 4592K [0x00000000eab00000, 0x00000000ec280000, 0x0000000100000000)
  eden space 8704K, 0% used [0x00000000eab00000,0x00000000eab00000,0x00000000eb380000)
  from space 4608K, 99% used [0x00000000eba00000,0x00000000ebe7c000,0x00000000ebe80000)
  to   space 6656K, 0% used [0x00000000eb380000,0x00000000eb380000,0x00000000eba00000)
 ParOldGen       total 699392K, used 339356K [0x00000000c0000000, 0x00000000eab00000, 0x00000000eab00000)
  object space 699392K, 48% used [0x00000000c0000000,0x00000000d4b673e8,0x00000000eab00000)
 Metaspace       used 70300K, committed 71424K, reserved 1114112K
  class space    used 7576K, committed 8064K, reserved 1048576K
}
Event: 89344.725 GC heap before
{Heap before GC invocations=1761 (full 1559):
 PSYoungGen      total 13312K, used 13276K [0x00000000eab00000, 0x00000000ec280000, 0x0000000100000000)
  eden space 8704K, 99% used [0x00000000eab00000,0x00000000eb37b160,0x00000000eb380000)
  from space 4608K, 99% used [0x00000000eba00000,0x00000000ebe7c000,0x00000000ebe80000)
  to   space 6656K, 0% used [0x00000000eb380000,0x00000000eb380000,0x00000000eba00000)
 ParOldGen       total 699392K, used 339356K [0x00000000c0000000, 0x00000000eab00000, 0x00000000eab00000)
  object space 699392K, 48% used [0x00000000c0000000,0x00000000d4b673e8,0x00000000eab00000)
 Metaspace       used 70369K, committed 71488K, reserved 1114112K
  class space    used 7580K, committed 8064K, reserved 1048576K
}
Event: 89344.735 GC heap after
{Heap after GC invocations=1761 (full 1559):
 PSYoungGen      total 15360K, used 6643K [0x00000000eab00000, 0x00000000ec280000, 0x0000000100000000)
  eden space 8704K, 0% used [0x00000000eab00000,0x00000000eab00000,0x00000000eb380000)
  from space 6656K, 99% used [0x00000000eb380000,0x00000000eb9fcfd0,0x00000000eba00000)
  to   space 4608K, 0% used [0x00000000eba00000,0x00000000eba00000,0x00000000ebe80000)
 ParOldGen       total 699392K, used 343215K [0x00000000c0000000, 0x00000000eab00000, 0x00000000eab00000)
  object space 699392K, 49% used [0x00000000c0000000,0x00000000d4f2be78,0x00000000eab00000)
 Metaspace       used 70369K, committed 71488K, reserved 1114112K
  class space    used 7580K, committed 8064K, reserved 1048576K
}
Event: 89344.815 GC heap before
{Heap before GC invocations=1762 (full 1559):
 PSYoungGen      total 15360K, used 15347K [0x00000000eab00000, 0x00000000ec280000, 0x0000000100000000)
  eden space 8704K, 100% used [0x00000000eab00000,0x00000000eb380000,0x00000000eb380000)
  from space 6656K, 99% used [0x00000000eb380000,0x00000000eb9fcfd0,0x00000000eba00000)
  to   space 4608K, 0% used [0x00000000eba00000,0x00000000eba00000,0x00000000ebe80000)
 ParOldGen       total 699392K, used 343215K [0x00000000c0000000, 0x00000000eab00000, 0x00000000eab00000)
  object space 699392K, 49% used [0x00000000c0000000,0x00000000d4f2be78,0x00000000eab00000)
 Metaspace       used 70570K, committed 71744K, reserved 1114112K
  class space    used 7596K, committed 8128K, reserved 1048576K
}
Event: 89344.827 GC heap after
{Heap after GC invocations=1762 (full 1559):
 PSYoungGen      total 13312K, used 4579K [0x00000000eab00000, 0x00000000ec280000, 0x0000000100000000)
  eden space 8704K, 0% used [0x00000000eab00000,0x00000000eab00000,0x00000000eb380000)
  from space 4608K, 99% used [0x00000000eba00000,0x00000000ebe78c88,0x00000000ebe80000)
  to   space 6656K, 0% used [0x00000000eb380000,0x00000000eb380000,0x00000000eba00000)
 ParOldGen       total 699392K, used 350566K [0x00000000c0000000, 0x00000000eab00000, 0x00000000eab00000)
  object space 699392K, 50% used [0x00000000c0000000,0x00000000d56598d8,0x00000000eab00000)
 Metaspace       used 70570K, committed 71744K, reserved 1114112K
  class space    used 7596K, committed 8128K, reserved 1048576K
}

